
  NEXUS Trend Scout Agent v1.0
  ----------------------------


===========================================================
       NEXUS Trend Scout -- Reference Database Summary      
===========================================================

  Total reference sites: 31
  Niches covered:        7
  Unique styles:         30
  Unique tags:           105

  Component Patterns:
    hero            12 patterns
    pricing         8 patterns
    testimonial     6 patterns
    cta             8 patterns
    nav             6 patterns

  Niches:
    fintech         6 sites -> niches/fintech.json
    trading         1 sites -> niches/trading.json
    saas            8 sites -> niches/saas.json
    ecommerce       5 sites -> niches/ecommerce.json
    healthcare      2 sites -> niches/healthcare.json
    education       3 sites -> niches/education.json
    agency          6 sites -> niches/agency.json

  Database location: /root/.openclaw/workspace/nexus-project/references-db

